<?xml version="1.0" encoding="UTF-8"?>
<testsuite name="ru.prj.tst.addressbook.GroupCreationTests" tests="1" skipped="0" failures="0" errors="0" timestamp="2022-11-17T07:33:00" hostname="DESKTOP-N7KS0GL" time="2.276">
  <properties/>
  <testcase name="testGroupCreation" classname="ru.prj.tst.addressbook.GroupCreationTests" time="2.276"/>
  <system-out><![CDATA[]]></system-out>
  <system-err><![CDATA[SLF4J: No SLF4J providers were found.
SLF4J: Defaulting to no-operation (NOP) logger implementation
SLF4J: See https://www.slf4j.org/codes.html#noProviders for further details.
1668670375849	geckodriver	INFO	Listening on 127.0.0.1:23214
1668670376304	mozrunner::runner	INFO	Running command: "C:/Program Files/Mozilla Firefox/firefox.exe" "--marionette" "--remote-debugging-port" "4953" "--remote-allow-hosts" "localhost" "--remote-allow-origins" "http://127.0.0.1:4953/,http://localhost:4953/,http://[::1]:4953/" "-no-remote" "-profile" "C:\\Users\\Sony\\AppData\\Local\\Temp\\rust_mozprofiledwtk2y"
1668670376937	Marionette	INFO	Marionette enabled
1668670376947	Marionette	INFO	Listening on port 60314
WebDriver BiDi listening on ws://localhost:4953
Read port: 60314
1668670377181	RemoteAgent	WARN	TLS certificate errors will be ignored for this session
console.warn: SearchSettings: "get: No settings file exists, new profile?" (new NotFoundError("Could not open the file at C:\\Users\\Sony\\AppData\\Local\\Temp\\rust_mozprofiledwtk2y\\search.json.mozlz4", (void 0)))
DevTools listening on ws://localhost:4953/devtools/browser/f26bf695-e351-4ee0-bf3b-ba3aa976784c
console.warn: LoginRecipes: "getRecipes: falling back to a synchronous message for:" "http://localhost"
console.warn: LoginRecipes: "getRecipes: falling back to a synchronous message for:" "http://localhost"
JavaScript error: resource://gre/modules/LoginManagerParent.jsm, line 136: TypeError: gRecipeManager is null
console.warn: LoginRecipes: "getRecipes: falling back to a synchronous message for:" "http://localhost"
JavaScript error: resource://gre/modules/LoginManagerParent.jsm, line 136: TypeError: gRecipeManager is null
console.warn: LoginRecipes: "getRecipes: falling back to a synchronous message for:" "http://localhost"
JavaScript error: resource://gre/modules/LoginManagerParent.jsm, line 136: TypeError: gRecipeManager is null
console.warn: LoginRecipes: "getRecipes: falling back to a synchronous message for:" "http://localhost"
JavaScript error: resource://gre/modules/LoginManagerParent.jsm, line 136: TypeError: gRecipeManager is null
console.warn: LoginRecipes: "getRecipes: falling back to a synchronous message for:" "http://localhost"
JavaScript error: resource://gre/modules/LoginManagerParent.jsm, line 136: TypeError: gRecipeManager is null
console.warn: LoginRecipes: "getRecipes: falling back to a synchronous message for:" "http://localhost"
JavaScript error: resource://gre/modules/LoginManagerParent.jsm, line 136: TypeError: gRecipeManager is null
1668670382619	Marionette	INFO	Stopped listening on port 60314
]]></system-err>
</testsuite>
